<?xml version="1.0" encoding="UTF-8"?>
<!-- Generated by org.testng.reporters.JUnitXMLReporter -->
<testsuite ignored="4" hostname="DESKTOP-JB98JG1" failures="0" tests="0" time="0.01" errors="0" timestamp="2021-04-23T13:11:04 PDT">
  <testcase classname="ArithmeticOperations.Assignment3.ArithmeticOperationTest" name="TestMultiplicationWithPositiveNumbers" time="0.0">
    <ignored/>
  </testcase> <!-- TestMultiplicationWithPositiveNumbers -->
  <testcase classname="ArithmeticOperations.Assignment3.ArithmeticOperationTest" name="TestSubtraction" time="0.0">
    <ignored/>
  </testcase> <!-- TestSubtraction -->
  <testcase classname="ArithmeticOperations.Assignment3.ArithmeticOperationTest" name="TestDivision" time="0.0">
    <ignored/>
  </testcase> <!-- TestDivision -->
  <testcase classname="ArithmeticOperations.Assignment3.ArithmeticOperationTest" name="TestAddtion" time="0.0">
    <ignored/>
  </testcase> <!-- TestAddtion -->
</testsuite>
