<?xml version="1.0" encoding="UTF-8"?>
<testng-results ignored="4" total="4" passed="0" failed="0" skipped="0">
  <reporter-output>
  </reporter-output>
  <suite started-at="2021-04-23T13:11:04 PDT" name="Smoke Test" finished-at="2021-04-23T13:11:04 PDT" duration-ms="10">
    <groups>
    </groups>
    <test started-at="2021-04-23T13:11:04 PDT" name="Smoke Testing" finished-at="2021-04-23T13:11:04 PDT" duration-ms="10">
    </test> <!-- Smoke Testing -->
  </suite> <!-- Smoke Test -->
</testng-results>
